<?xml version="1.0" encoding="UTF-8"?>
<!-- Generated by org.testng.reporters.JUnitReportReporter -->
<testsuite hostname="Itishree" failures="0" tests="1" name="com.actitime.testscript.ProjectModule" time="38.777" errors="0" timestamp="2023-02-21T12:59:59 IST" skipped="0">
  <testcase classname="com.actitime.testscript.ProjectModule" name="testcreateproject" time="38.777"/>
  <system-out>
    <![CDATA[Create Project]]>
  </system-out>
</testsuite> <!-- com.actitime.testscript.ProjectModule -->
